source/app/build/app/intermediates/manifest_merge_blame_file/release/manifest-merger-blame-release-report.txt
1<?xml version="1.0" encoding="utf-8"?>
2<manifest xmlns:android="http://schemas.android.com/apk/res/android"
3    package="com.top3.pawfection"
4    android:versionCode="1"
5    android:versionName="1.0.0" >
6
7    <uses-sdk
8        android:minSdkVersion="19"
8-->src/main/AndroidManifest.xml
9        android:targetSdkVersion="33" />
9-->src/main/AndroidManifest.xml
10
11    <uses-permission android:name="android.permission.WRITE_EXTERNAL_STORAGE" />
11-->src/main/AndroidManifest.xml:36:5-81
11-->src/main/AndroidManifest.xml:36:22-78
12    <uses-permission android:name="android.permission.INTERNET" />
12-->src/main/AndroidManifest.xml:37:5-67
12-->src/main/AndroidManifest.xml:37:22-64
13    <uses-permission android:name="android.permission.READ_EXTERNAL_STORAGE" />
13-->src/main/AndroidManifest.xml:38:1-76
13-->src/main/AndroidManifest.xml:38:18-73
14
15    <queries>
15-->src/main/AndroidManifest.xml:39:1-41:11
16        <package android:name="com.google.android.apps.nbu.paisa.user" />
16-->src/main/AndroidManifest.xml:40:5-70
16-->src/main/AndroidManifest.xml:40:14-67
17
18        <intent>
18-->[:file_picker] AndroidManifest.xml:12:9-16:18
19            <action android:name="android.intent.action.GET_CONTENT" />
19-->[:file_picker] AndroidManifest.xml:13:13-72
19-->[:file_picker] AndroidManifest.xml:13:21-69
20
21            <data android:mimeType="*/*" />
21-->[:file_picker] AndroidManifest.xml:15:13-44
21-->[:file_picker] AndroidManifest.xml:15:19-41
22        </intent>
23    </queries>
24
25    <uses-permission android:name="android.permission.ACCESS_NETWORK_STATE" />
25-->[com.google.firebase:firebase-auth:22.0.0] AndroidManifest.xml:26:5-79
25-->[com.google.firebase:firebase-auth:22.0.0] AndroidManifest.xml:26:22-76
26    <uses-permission android:name="android.permission.WAKE_LOCK" />
26-->[com.google.android.gms:play-services-measurement-api:21.2.2] AndroidManifest.xml:24:5-68
26-->[com.google.android.gms:play-services-measurement-api:21.2.2] AndroidManifest.xml:24:22-65
27    <uses-permission android:name="com.google.android.gms.permission.AD_ID" /> <!-- Required by older versions of Google Play services to create IID tokens -->
27-->[com.google.android.gms:play-services-measurement-api:21.2.2] AndroidManifest.xml:25:5-79
27-->[com.google.android.gms:play-services-measurement-api:21.2.2] AndroidManifest.xml:25:22-76
28    <uses-permission android:name="com.google.android.c2dm.permission.RECEIVE" />
28-->[com.google.firebase:firebase-iid:21.1.0] AndroidManifest.xml:26:5-82
28-->[com.google.firebase:firebase-iid:21.1.0] AndroidManifest.xml:26:22-79
29    <uses-permission android:name="com.google.android.finsky.permission.BIND_GET_INSTALL_REFERRER_SERVICE" />
29-->[com.google.android.gms:play-services-measurement:21.2.2] AndroidManifest.xml:26:5-110
29-->[com.google.android.gms:play-services-measurement:21.2.2] AndroidManifest.xml:26:22-107
30
31    <permission
31-->[androidx.core:core:1.9.0] AndroidManifest.xml:22:5-24:47
32        android:name="com.top3.pawfection.DYNAMIC_RECEIVER_NOT_EXPORTED_PERMISSION"
32-->[androidx.core:core:1.9.0] AndroidManifest.xml:23:9-81
33        android:protectionLevel="signature" />
33-->[androidx.core:core:1.9.0] AndroidManifest.xml:24:9-44
34
35    <uses-permission android:name="com.top3.pawfection.DYNAMIC_RECEIVER_NOT_EXPORTED_PERMISSION" />
35-->[androidx.core:core:1.9.0] AndroidManifest.xml:26:5-97
35-->[androidx.core:core:1.9.0] AndroidManifest.xml:26:22-94
36
37    <application
38        android:name="io.flutter.app.FlutterMultiDexApplication"
38-->src/main/AndroidManifest.xml:5:9-42
39        android:appComponentFactory="androidx.core.app.CoreComponentFactory"
39-->[androidx.core:core:1.9.0] AndroidManifest.xml:28:18-86
40        android:icon="@mipmap/ic_launcher"
40-->src/main/AndroidManifest.xml:7:9-43
41        android:label="pawfection"
41-->src/main/AndroidManifest.xml:4:9-35
42        android:usesCleartextTraffic="true" >
42-->src/main/AndroidManifest.xml:6:9-44
43        <activity
43-->src/main/AndroidManifest.xml:8:9-28:20
44            android:name="com.top3.pawfection.MainActivity"
44-->src/main/AndroidManifest.xml:9:13-41
45            android:configChanges="orientation|keyboardHidden|keyboard|screenSize|smallestScreenSize|locale|layoutDirection|fontScale|screenLayout|density|uiMode"
45-->src/main/AndroidManifest.xml:13:13-163
46            android:exported="true"
46-->src/main/AndroidManifest.xml:10:13-36
47            android:hardwareAccelerated="true"
47-->src/main/AndroidManifest.xml:14:13-47
48            android:launchMode="singleTop"
48-->src/main/AndroidManifest.xml:11:13-43
49            android:theme="@style/LaunchTheme"
49-->src/main/AndroidManifest.xml:12:13-47
50            android:windowSoftInputMode="adjustResize" >
50-->src/main/AndroidManifest.xml:15:13-55
51
52            <!--
53                 Specifies an Android theme to apply to this Activity as soon as
54                 the Android process has started. This theme is visible to the user
55                 while the Flutter UI initializes. After that, this theme continues
56                 to determine the Window background behind the Flutter UI.
57            -->
58            <meta-data
58-->src/main/AndroidManifest.xml:20:13-23:17
59                android:name="io.flutter.embedding.android.NormalTheme"
59-->src/main/AndroidManifest.xml:21:15-70
60                android:resource="@style/NormalTheme" />
60-->src/main/AndroidManifest.xml:22:15-52
61
62            <intent-filter>
62-->src/main/AndroidManifest.xml:24:13-27:29
63                <action android:name="android.intent.action.MAIN" />
63-->src/main/AndroidManifest.xml:25:17-68
63-->src/main/AndroidManifest.xml:25:25-66
64
65                <category android:name="android.intent.category.LAUNCHER" />
65-->src/main/AndroidManifest.xml:26:17-76
65-->src/main/AndroidManifest.xml:26:27-74
66            </intent-filter>
67        </activity>
68        <!--
69             Don't delete the meta-data below.
70             This is used by the Flutter tool to generate GeneratedPluginRegistrant.java
71        -->
72        <meta-data
72-->src/main/AndroidManifest.xml:31:9-33:33
73            android:name="flutterEmbedding"
73-->src/main/AndroidManifest.xml:32:13-44
74            android:value="2" />
74-->src/main/AndroidManifest.xml:33:13-30
75
76        <service
76-->[:cloud_firestore] AndroidManifest.xml:10:9-14:19
77            android:name="com.google.firebase.components.ComponentDiscoveryService"
77-->[:cloud_firestore] AndroidManifest.xml:10:18-89
78            android:directBootAware="true"
78-->[com.google.firebase:firebase-common:20.3.2] AndroidManifest.xml:34:13-43
79            android:exported="false" >
79-->[com.google.firebase:firebase-analytics-ktx:21.2.2] AndroidManifest.xml:10:13-37
80            <meta-data
80-->[:cloud_firestore] AndroidManifest.xml:11:13-13:85
81                android:name="com.google.firebase.components:io.flutter.plugins.firebase.firestore.FlutterFirebaseFirestoreRegistrar"
81-->[:cloud_firestore] AndroidManifest.xml:12:17-134
82                android:value="com.google.firebase.components.ComponentRegistrar" />
82-->[:cloud_firestore] AndroidManifest.xml:13:17-82
83            <meta-data
83-->[:cloud_functions] AndroidManifest.xml:11:13-13:85
84                android:name="com.google.firebase.components:io.flutter.plugins.firebase.functions.FlutterFirebaseAppRegistrar"
84-->[:cloud_functions] AndroidManifest.xml:12:17-128
85                android:value="com.google.firebase.components.ComponentRegistrar" />
85-->[:cloud_functions] AndroidManifest.xml:13:17-82
86            <meta-data
86-->[:firebase_auth] AndroidManifest.xml:11:13-13:85
87                android:name="com.google.firebase.components:io.flutter.plugins.firebase.auth.FlutterFirebaseAuthRegistrar"
87-->[:firebase_auth] AndroidManifest.xml:12:17-124
88                android:value="com.google.firebase.components.ComponentRegistrar" />
88-->[:firebase_auth] AndroidManifest.xml:13:17-82
89            <meta-data
89-->[:firebase_storage] AndroidManifest.xml:11:13-13:85
90                android:name="com.google.firebase.components:io.flutter.plugins.firebase.storage.FlutterFirebaseAppRegistrar"
90-->[:firebase_storage] AndroidManifest.xml:12:17-126
91                android:value="com.google.firebase.components.ComponentRegistrar" />
91-->[:firebase_storage] AndroidManifest.xml:13:17-82
92            <meta-data
92-->[:firebase_core] AndroidManifest.xml:11:13-13:85
93                android:name="com.google.firebase.components:io.flutter.plugins.firebase.core.FlutterFirebaseCoreRegistrar"
93-->[:firebase_core] AndroidManifest.xml:12:17-124
94                android:value="com.google.firebase.components.ComponentRegistrar" />
94-->[:firebase_core] AndroidManifest.xml:13:17-82
95            <meta-data
95-->[com.google.firebase:firebase-analytics-ktx:21.2.2] AndroidManifest.xml:11:13-13:85
96                android:name="com.google.firebase.components:com.google.firebase.analytics.ktx.FirebaseAnalyticsKtxRegistrar"
96-->[com.google.firebase:firebase-analytics-ktx:21.2.2] AndroidManifest.xml:12:17-126
97                android:value="com.google.firebase.components.ComponentRegistrar" />
97-->[com.google.firebase:firebase-analytics-ktx:21.2.2] AndroidManifest.xml:13:17-82
98            <meta-data
98-->[com.google.firebase:firebase-common-ktx:20.3.2] AndroidManifest.xml:14:13-16:85
99                android:name="com.google.firebase.components:com.google.firebase.ktx.FirebaseCommonKtxRegistrar"
99-->[com.google.firebase:firebase-common-ktx:20.3.2] AndroidManifest.xml:15:17-113
100                android:value="com.google.firebase.components.ComponentRegistrar" />
100-->[com.google.firebase:firebase-common-ktx:20.3.2] AndroidManifest.xml:16:17-82
101            <meta-data
101-->[com.google.firebase:firebase-auth:22.0.0] AndroidManifest.xml:69:13-71:85
102                android:name="com.google.firebase.components:com.google.firebase.auth.FirebaseAuthRegistrar"
102-->[com.google.firebase:firebase-auth:22.0.0] AndroidManifest.xml:70:17-109
103                android:value="com.google.firebase.components.ComponentRegistrar" />
103-->[com.google.firebase:firebase-auth:22.0.0] AndroidManifest.xml:71:17-82
104            <meta-data
104-->[com.google.firebase:firebase-firestore:24.6.0] AndroidManifest.xml:19:13-21:85
105                android:name="com.google.firebase.components:com.google.firebase.firestore.FirestoreRegistrar"
105-->[com.google.firebase:firebase-firestore:24.6.0] AndroidManifest.xml:20:17-111
106                android:value="com.google.firebase.components.ComponentRegistrar" />
106-->[com.google.firebase:firebase-firestore:24.6.0] AndroidManifest.xml:21:17-82
107            <meta-data
107-->[com.google.firebase:firebase-functions:20.3.0] AndroidManifest.xml:17:13-19:85
108                android:name="com.google.firebase.components:com.google.firebase.functions.FunctionsRegistrar"
108-->[com.google.firebase:firebase-functions:20.3.0] AndroidManifest.xml:18:17-111
109                android:value="com.google.firebase.components.ComponentRegistrar" />
109-->[com.google.firebase:firebase-functions:20.3.0] AndroidManifest.xml:19:17-82
110            <meta-data
110-->[com.google.firebase:firebase-storage:20.2.0] AndroidManifest.xml:32:13-34:85
111                android:name="com.google.firebase.components:com.google.firebase.storage.StorageRegistrar"
111-->[com.google.firebase:firebase-storage:20.2.0] AndroidManifest.xml:33:17-107
112                android:value="com.google.firebase.components.ComponentRegistrar" />
112-->[com.google.firebase:firebase-storage:20.2.0] AndroidManifest.xml:34:17-82
113            <meta-data
113-->[com.google.android.gms:play-services-measurement-api:21.2.2] AndroidManifest.xml:31:13-33:85
114                android:name="com.google.firebase.components:com.google.firebase.analytics.connector.internal.AnalyticsConnectorRegistrar"
114-->[com.google.android.gms:play-services-measurement-api:21.2.2] AndroidManifest.xml:32:17-139
115                android:value="com.google.firebase.components.ComponentRegistrar" />
115-->[com.google.android.gms:play-services-measurement-api:21.2.2] AndroidManifest.xml:33:17-82
116            <meta-data
116-->[com.google.firebase:firebase-iid:21.1.0] AndroidManifest.xml:32:13-34:85
117                android:name="com.google.firebase.components:com.google.firebase.iid.Registrar"
117-->[com.google.firebase:firebase-iid:21.1.0] AndroidManifest.xml:33:17-96
118                android:value="com.google.firebase.components.ComponentRegistrar" />
118-->[com.google.firebase:firebase-iid:21.1.0] AndroidManifest.xml:34:17-82
119            <meta-data
119-->[com.google.firebase:firebase-installations:17.1.3] AndroidManifest.xml:17:13-19:85
120                android:name="com.google.firebase.components:com.google.firebase.installations.FirebaseInstallationsRegistrar"
120-->[com.google.firebase:firebase-installations:17.1.3] AndroidManifest.xml:18:17-127
121                android:value="com.google.firebase.components.ComponentRegistrar" />
121-->[com.google.firebase:firebase-installations:17.1.3] AndroidManifest.xml:19:17-82
122        </service>
123
124        <provider
124-->[:image_picker_android] AndroidManifest.xml:10:9-18:20
125            android:name="io.flutter.plugins.imagepicker.ImagePickerFileProvider"
125-->[:image_picker_android] AndroidManifest.xml:11:13-82
126            android:authorities="com.top3.pawfection.flutter.image_provider"
126-->[:image_picker_android] AndroidManifest.xml:12:13-74
127            android:exported="false"
127-->[:image_picker_android] AndroidManifest.xml:13:13-37
128            android:grantUriPermissions="true" >
128-->[:image_picker_android] AndroidManifest.xml:14:13-47
129            <meta-data
129-->[:image_picker_android] AndroidManifest.xml:15:13-17:75
130                android:name="android.support.FILE_PROVIDER_PATHS"
130-->[:image_picker_android] AndroidManifest.xml:16:17-67
131                android:resource="@xml/flutter_image_picker_file_paths" />
131-->[:image_picker_android] AndroidManifest.xml:17:17-72
132        </provider>
133
134        <activity
134-->[:url_launcher_android] AndroidManifest.xml:10:9-13:74
135            android:name="io.flutter.plugins.urllauncher.WebViewActivity"
135-->[:url_launcher_android] AndroidManifest.xml:11:13-74
136            android:exported="false"
136-->[:url_launcher_android] AndroidManifest.xml:12:13-37
137            android:theme="@android:style/Theme.NoTitleBar.Fullscreen" />
137-->[:url_launcher_android] AndroidManifest.xml:13:13-71
138        <activity
138-->[com.google.firebase:firebase-auth:22.0.0] AndroidManifest.xml:29:9-46:20
139            android:name="com.google.firebase.auth.internal.GenericIdpActivity"
139-->[com.google.firebase:firebase-auth:22.0.0] AndroidManifest.xml:30:13-80
140            android:excludeFromRecents="true"
140-->[com.google.firebase:firebase-auth:22.0.0] AndroidManifest.xml:31:13-46
141            android:exported="true"
141-->[com.google.firebase:firebase-auth:22.0.0] AndroidManifest.xml:32:13-36
142            android:launchMode="singleTask"
142-->[com.google.firebase:firebase-auth:22.0.0] AndroidManifest.xml:33:13-44
143            android:theme="@android:style/Theme.Translucent.NoTitleBar" >
143-->[com.google.firebase:firebase-auth:22.0.0] AndroidManifest.xml:34:13-72
144            <intent-filter>
144-->[com.google.firebase:firebase-auth:22.0.0] AndroidManifest.xml:35:13-45:29
145                <action android:name="android.intent.action.VIEW" />
145-->[com.google.firebase:firebase-auth:22.0.0] AndroidManifest.xml:36:17-69
145-->[com.google.firebase:firebase-auth:22.0.0] AndroidManifest.xml:36:25-66
146
147                <category android:name="android.intent.category.DEFAULT" />
147-->[com.google.firebase:firebase-auth:22.0.0] AndroidManifest.xml:38:17-76
147-->[com.google.firebase:firebase-auth:22.0.0] AndroidManifest.xml:38:27-73
148                <category android:name="android.intent.category.BROWSABLE" />
148-->[com.google.firebase:firebase-auth:22.0.0] AndroidManifest.xml:39:17-78
148-->[com.google.firebase:firebase-auth:22.0.0] AndroidManifest.xml:39:27-75
149
150                <data
150-->[:file_picker] AndroidManifest.xml:15:13-44
151                    android:host="firebase.auth"
152                    android:path="/"
153                    android:scheme="genericidp" />
154            </intent-filter>
155        </activity>
156        <activity
156-->[com.google.firebase:firebase-auth:22.0.0] AndroidManifest.xml:47:9-64:20
157            android:name="com.google.firebase.auth.internal.RecaptchaActivity"
157-->[com.google.firebase:firebase-auth:22.0.0] AndroidManifest.xml:48:13-79
158            android:excludeFromRecents="true"
158-->[com.google.firebase:firebase-auth:22.0.0] AndroidManifest.xml:49:13-46
159            android:exported="true"
159-->[com.google.firebase:firebase-auth:22.0.0] AndroidManifest.xml:50:13-36
160            android:launchMode="singleTask"
160-->[com.google.firebase:firebase-auth:22.0.0] AndroidManifest.xml:51:13-44
161            android:theme="@android:style/Theme.Translucent.NoTitleBar" >
161-->[com.google.firebase:firebase-auth:22.0.0] AndroidManifest.xml:52:13-72
162            <intent-filter>
162-->[com.google.firebase:firebase-auth:22.0.0] AndroidManifest.xml:53:13-63:29
163                <action android:name="android.intent.action.VIEW" />
163-->[com.google.firebase:firebase-auth:22.0.0] AndroidManifest.xml:36:17-69
163-->[com.google.firebase:firebase-auth:22.0.0] AndroidManifest.xml:36:25-66
164
165                <category android:name="android.intent.category.DEFAULT" />
165-->[com.google.firebase:firebase-auth:22.0.0] AndroidManifest.xml:38:17-76
165-->[com.google.firebase:firebase-auth:22.0.0] AndroidManifest.xml:38:27-73
166                <category android:name="android.intent.category.BROWSABLE" />
166-->[com.google.firebase:firebase-auth:22.0.0] AndroidManifest.xml:39:17-78
166-->[com.google.firebase:firebase-auth:22.0.0] AndroidManifest.xml:39:27-75
167
168                <data
168-->[:file_picker] AndroidManifest.xml:15:13-44
169                    android:host="firebase.auth"
170                    android:path="/"
171                    android:scheme="recaptcha" />
172            </intent-filter>
173        </activity>
174
175        <provider
175-->[com.google.firebase:firebase-common:20.3.2] AndroidManifest.xml:25:9-30:39
176            android:name="com.google.firebase.provider.FirebaseInitProvider"
176-->[com.google.firebase:firebase-common:20.3.2] AndroidManifest.xml:26:13-77
177            android:authorities="com.top3.pawfection.firebaseinitprovider"
177-->[com.google.firebase:firebase-common:20.3.2] AndroidManifest.xml:27:13-72
178            android:directBootAware="true"
178-->[com.google.firebase:firebase-common:20.3.2] AndroidManifest.xml:28:13-43
179            android:exported="false"
179-->[com.google.firebase:firebase-common:20.3.2] AndroidManifest.xml:29:13-37
180            android:initOrder="100" />
180-->[com.google.firebase:firebase-common:20.3.2] AndroidManifest.xml:30:13-36
181
182        <activity
182-->[com.google.android.gms:play-services-base:18.1.0] AndroidManifest.xml:20:9-22:45
183            android:name="com.google.android.gms.common.api.GoogleApiActivity"
183-->[com.google.android.gms:play-services-base:18.1.0] AndroidManifest.xml:20:19-85
184            android:exported="false"
184-->[com.google.android.gms:play-services-base:18.1.0] AndroidManifest.xml:22:19-43
185            android:theme="@android:style/Theme.Translucent.NoTitleBar" />
185-->[com.google.android.gms:play-services-base:18.1.0] AndroidManifest.xml:21:19-78
186
187        <receiver
187-->[com.google.android.gms:play-services-measurement:21.2.2] AndroidManifest.xml:29:9-33:20
188            android:name="com.google.android.gms.measurement.AppMeasurementReceiver"
188-->[com.google.android.gms:play-services-measurement:21.2.2] AndroidManifest.xml:30:13-85
189            android:enabled="true"
189-->[com.google.android.gms:play-services-measurement:21.2.2] AndroidManifest.xml:31:13-35
190            android:exported="false" >
190-->[com.google.android.gms:play-services-measurement:21.2.2] AndroidManifest.xml:32:13-37
191        </receiver>
192
193        <service
193-->[com.google.android.gms:play-services-measurement:21.2.2] AndroidManifest.xml:35:9-38:40
194            android:name="com.google.android.gms.measurement.AppMeasurementService"
194-->[com.google.android.gms:play-services-measurement:21.2.2] AndroidManifest.xml:36:13-84
195            android:enabled="true"
195-->[com.google.android.gms:play-services-measurement:21.2.2] AndroidManifest.xml:37:13-35
196            android:exported="false" />
196-->[com.google.android.gms:play-services-measurement:21.2.2] AndroidManifest.xml:38:13-37
197        <service
197-->[com.google.android.gms:play-services-measurement:21.2.2] AndroidManifest.xml:39:9-43:72
198            android:name="com.google.android.gms.measurement.AppMeasurementJobService"
198-->[com.google.android.gms:play-services-measurement:21.2.2] AndroidManifest.xml:40:13-87
199            android:enabled="true"
199-->[com.google.android.gms:play-services-measurement:21.2.2] AndroidManifest.xml:41:13-35
200            android:exported="false"
200-->[com.google.android.gms:play-services-measurement:21.2.2] AndroidManifest.xml:42:13-37
201            android:permission="android.permission.BIND_JOB_SERVICE" />
201-->[com.google.android.gms:play-services-measurement:21.2.2] AndroidManifest.xml:43:13-69
202
203        <meta-data
203-->[com.google.android.gms:play-services-basement:18.1.0] AndroidManifest.xml:21:9-23:69
204            android:name="com.google.android.gms.version"
204-->[com.google.android.gms:play-services-basement:18.1.0] AndroidManifest.xml:22:13-58
205            android:value="@integer/google_play_services_version" />
205-->[com.google.android.gms:play-services-basement:18.1.0] AndroidManifest.xml:23:13-66
206
207        <uses-library
207-->[androidx.window:window:1.0.0-beta04] AndroidManifest.xml:25:9-27:40
208            android:name="androidx.window.extensions"
208-->[androidx.window:window:1.0.0-beta04] AndroidManifest.xml:26:13-54
209            android:required="false" />
209-->[androidx.window:window:1.0.0-beta04] AndroidManifest.xml:27:13-37
210        <uses-library
210-->[androidx.window:window:1.0.0-beta04] AndroidManifest.xml:28:9-30:40
211            android:name="androidx.window.sidecar"
211-->[androidx.window:window:1.0.0-beta04] AndroidManifest.xml:29:13-51
212            android:required="false" />
212-->[androidx.window:window:1.0.0-beta04] AndroidManifest.xml:30:13-37
213
214        <provider
214-->[androidx.profileinstaller:profileinstaller:1.3.0] AndroidManifest.xml:24:9-32:20
215            android:name="androidx.startup.InitializationProvider"
215-->[androidx.profileinstaller:profileinstaller:1.3.0] AndroidManifest.xml:25:13-67
216            android:authorities="com.top3.pawfection.androidx-startup"
216-->[androidx.profileinstaller:profileinstaller:1.3.0] AndroidManifest.xml:26:13-68
217            android:exported="false" >
217-->[androidx.profileinstaller:profileinstaller:1.3.0] AndroidManifest.xml:27:13-37
218            <meta-data
218-->[androidx.profileinstaller:profileinstaller:1.3.0] AndroidManifest.xml:29:13-31:52
219                android:name="androidx.profileinstaller.ProfileInstallerInitializer"
219-->[androidx.profileinstaller:profileinstaller:1.3.0] AndroidManifest.xml:30:17-85
220                android:value="androidx.startup" />
220-->[androidx.profileinstaller:profileinstaller:1.3.0] AndroidManifest.xml:31:17-49
221        </provider>
222
223        <receiver
223-->[androidx.profileinstaller:profileinstaller:1.3.0] AndroidManifest.xml:34:9-52:20
224            android:name="androidx.profileinstaller.ProfileInstallReceiver"
224-->[androidx.profileinstaller:profileinstaller:1.3.0] AndroidManifest.xml:35:13-76
225            android:directBootAware="false"
225-->[androidx.profileinstaller:profileinstaller:1.3.0] AndroidManifest.xml:36:13-44
226            android:enabled="true"
226-->[androidx.profileinstaller:profileinstaller:1.3.0] AndroidManifest.xml:37:13-35
227            android:exported="true"
227-->[androidx.profileinstaller:profileinstaller:1.3.0] AndroidManifest.xml:38:13-36
228            android:permission="android.permission.DUMP" >
228-->[androidx.profileinstaller:profileinstaller:1.3.0] AndroidManifest.xml:39:13-57
229            <intent-filter>
229-->[androidx.profileinstaller:profileinstaller:1.3.0] AndroidManifest.xml:40:13-42:29
230                <action android:name="androidx.profileinstaller.action.INSTALL_PROFILE" />
230-->[androidx.profileinstaller:profileinstaller:1.3.0] AndroidManifest.xml:41:17-91
230-->[androidx.profileinstaller:profileinstaller:1.3.0] AndroidManifest.xml:41:25-88
231            </intent-filter>
232            <intent-filter>
232-->[androidx.profileinstaller:profileinstaller:1.3.0] AndroidManifest.xml:43:13-45:29
233                <action android:name="androidx.profileinstaller.action.SKIP_FILE" />
233-->[androidx.profileinstaller:profileinstaller:1.3.0] AndroidManifest.xml:44:17-85
233-->[androidx.profileinstaller:profileinstaller:1.3.0] AndroidManifest.xml:44:25-82
234            </intent-filter>
235            <intent-filter>
235-->[androidx.profileinstaller:profileinstaller:1.3.0] AndroidManifest.xml:46:13-48:29
236                <action android:name="androidx.profileinstaller.action.SAVE_PROFILE" />
236-->[androidx.profileinstaller:profileinstaller:1.3.0] AndroidManifest.xml:47:17-88
236-->[androidx.profileinstaller:profileinstaller:1.3.0] AndroidManifest.xml:47:25-85
237            </intent-filter>
238            <intent-filter>
238-->[androidx.profileinstaller:profileinstaller:1.3.0] AndroidManifest.xml:49:13-51:29
239                <action android:name="androidx.profileinstaller.action.BENCHMARK_OPERATION" />
239-->[androidx.profileinstaller:profileinstaller:1.3.0] AndroidManifest.xml:50:17-95
239-->[androidx.profileinstaller:profileinstaller:1.3.0] AndroidManifest.xml:50:25-92
240            </intent-filter>
241        </receiver>
242    </application>
243
244</manifest>